2021-07-22 02:27:29.367 WARN  com.zaxxer.hikari.pool.HikariPool                 :787  [32m                  [0;39m HikariPool-1 - Thread starvation or clock leap detected (housekeeper delta=10m42s609ms).
2021-07-22 04:25:59.224 WARN  com.zaxxer.hikari.pool.HikariPool                 :787  [32m                  [0;39m HikariPool-1 - Thread starvation or clock leap detected (housekeeper delta=30m29s274ms).
2021-07-22 04:48:14.729 WARN  com.zaxxer.hikari.pool.HikariPool                 :787  [32m                  [0;39m HikariPool-1 - Thread starvation or clock leap detected (housekeeper delta=21m45s445ms).
2021-07-22 05:35:41.190 WARN  com.zaxxer.hikari.pool.HikariPool                 :787  [32m                  [0;39m HikariPool-1 - Thread starvation or clock leap detected (housekeeper delta=46m56s457ms).
2021-07-22 05:50:05.098 WARN  com.zaxxer.hikari.pool.HikariPool                 :787  [32m                  [0;39m HikariPool-1 - Thread starvation or clock leap detected (housekeeper delta=10m53s859ms).
2021-07-22 07:50:34.225 WARN  com.zaxxer.hikari.pool.HikariPool                 :787  [32m                  [0;39m HikariPool-1 - Thread starvation or clock leap detected (housekeeper delta=1h59m59s123ms).
2021-07-22 09:41:02.111 WARN  com.zaxxer.hikari.pool.HikariPool                 :787  [32m                  [0;39m HikariPool-1 - Thread starvation or clock leap detected (housekeeper delta=30m27s166ms).
2021-07-22 09:56:58.279 WARN  com.zaxxer.hikari.pool.HikariPool                 :787  [32m                  [0;39m HikariPool-1 - Thread starvation or clock leap detected (housekeeper delta=15m26s191ms).
2021-07-22 10:15:21.429 WARN  com.zaxxer.hikari.pool.HikariPool                 :787  [32m                  [0;39m HikariPool-1 - Thread starvation or clock leap detected (housekeeper delta=17m53s138ms).
2021-07-22 10:34:13.660 WARN  com.zaxxer.hikari.pool.HikariPool                 :787  [32m                  [0;39m HikariPool-1 - Thread starvation or clock leap detected (housekeeper delta=17m22s234ms).
2021-07-22 11:34:34.139 WARN  com.zaxxer.hikari.pool.HikariPool                 :787  [32m                  [0;39m HikariPool-1 - Thread starvation or clock leap detected (housekeeper delta=1h20s480ms).
2021-07-22 12:50:14.154 WARN  com.zaxxer.hikari.pool.HikariPool                 :787  [32m                  [0;39m HikariPool-1 - Thread starvation or clock leap detected (housekeeper delta=1h15m10s9ms).
2021-07-22 13:15:25.250 WARN  com.zaxxer.hikari.pool.HikariPool                 :787  [32m                  [0;39m HikariPool-1 - Thread starvation or clock leap detected (housekeeper delta=1m10s995ms).
2021-07-22 13:44:15.213 WARN  com.zaxxer.hikari.pool.HikariPool                 :787  [32m                  [0;39m HikariPool-1 - Thread starvation or clock leap detected (housekeeper delta=28m49s963ms).
2021-07-22 14:00:35.342 WARN  com.zaxxer.hikari.pool.HikariPool                 :787  [32m                  [0;39m HikariPool-1 - Thread starvation or clock leap detected (housekeeper delta=15m50s135ms).
2021-07-22 14:07:20.210 WARN  com.zaxxer.hikari.pool.HikariPool                 :787  [32m                  [0;39m HikariPool-1 - Thread starvation or clock leap detected (housekeeper delta=6m14s886ms).
2021-07-22 17:05:29.698 WARN  com.zaxxer.hikari.pool.HikariPool                 :787  [32m                  [0;39m HikariPool-1 - Thread starvation or clock leap detected (housekeeper delta=1m8s461ms).
2021-07-22 17:22:02.734 WARN  com.zaxxer.hikari.pool.HikariPool                 :787  [32m                  [0;39m HikariPool-1 - Thread starvation or clock leap detected (housekeeper delta=16m33s36ms).
2021-07-22 17:53:28.092 WARN  com.zaxxer.hikari.pool.HikariPool                 :787  [32m                  [0;39m HikariPool-1 - Thread starvation or clock leap detected (housekeeper delta=16m23s819ms).
2021-07-22 18:01:09.033 WARN  com.zaxxer.hikari.pool.HikariPool                 :787  [32m                  [0;39m HikariPool-1 - Thread starvation or clock leap detected (housekeeper delta=5m39s499ms).
2021-07-22 18:24:25.061 WARN  com.zaxxer.hikari.pool.HikariPool                 :787  [32m                  [0;39m HikariPool-1 - Thread starvation or clock leap detected (housekeeper delta=19m44s515ms).
2021-07-22 18:43:00.150 WARN  com.zaxxer.hikari.pool.HikariPool                 :787  [32m                  [0;39m HikariPool-1 - Thread starvation or clock leap detected (housekeeper delta=18m5s69ms).
2021-07-22 19:01:54.655 WARN  com.zaxxer.hikari.pool.HikariPool                 :787  [32m                  [0;39m HikariPool-1 - Thread starvation or clock leap detected (housekeeper delta=18m24s507ms).
2021-07-22 20:04:01.120 WARN  com.zaxxer.hikari.pool.HikariPool                 :787  [32m                  [0;39m HikariPool-1 - Thread starvation or clock leap detected (housekeeper delta=1h1m36s462ms).
2021-07-22 21:03:41.026 WARN  com.zaxxer.hikari.pool.HikariPool                 :787  [32m                  [0;39m HikariPool-1 - Thread starvation or clock leap detected (housekeeper delta=59m9s923ms).
2021-07-22 21:33:39.518 WARN  com.zaxxer.hikari.pool.HikariPool                 :787  [32m                  [0;39m HikariPool-1 - Thread starvation or clock leap detected (housekeeper delta=29m58s492ms).
2021-07-22 21:54:11.673 WARN  com.zaxxer.hikari.pool.HikariPool                 :787  [32m                  [0;39m HikariPool-1 - Thread starvation or clock leap detected (housekeeper delta=18m2s126ms).
2021-07-22 22:56:11.332 WARN  com.zaxxer.hikari.pool.HikariPool                 :787  [32m                  [0;39m HikariPool-1 - Thread starvation or clock leap detected (housekeeper delta=1h59s657ms).
2021-07-22 23:02:50.757 WARN  com.zaxxer.hikari.pool.HikariPool                 :787  [32m                  [0;39m HikariPool-1 - Thread starvation or clock leap detected (housekeeper delta=6m39s426ms).
2021-07-22 23:21:30.146 WARN  com.zaxxer.hikari.pool.HikariPool                 :787  [32m                  [0;39m HikariPool-1 - Thread starvation or clock leap detected (housekeeper delta=18m9s394ms).
2021-07-22 23:53:24.106 INFO  o.s.scheduling.concurrent.ThreadPoolTaskExecutor  :218  [32m                  [0;39m Shutting down ExecutorService 'applicationTaskExecutor'
2021-07-22 23:53:24.108 INFO  com.zaxxer.hikari.HikariDataSource                :350  [32m                  [0;39m HikariPool-1 - Shutdown initiated...
2021-07-22 23:53:24.112 INFO  com.zaxxer.hikari.HikariDataSource                :352  [32m                  [0;39m HikariPool-1 - Shutdown completed.
2021-07-22 23:53:24.318 INFO  com.zunduo.wiki.config.WikiApplication            :55   [32m                  [0;39m Starting WikiApplication using Java 16.0.1 on ZunduodeMBP.lan with PID 36098 (/Users/zunduo/Downloads/wiki/target/classes started by zunduo in /Users/zunduo/Downloads/wiki)
2021-07-22 23:53:24.319 INFO  com.zunduo.wiki.config.WikiApplication            :660  [32m                  [0;39m No active profile set, falling back to default profiles: default
2021-07-22 23:53:24.582 INFO  o.s.boot.web.embedded.tomcat.TomcatWebServer      :108  [32m                  [0;39m Tomcat initialized with port(s): 8880 (http)
2021-07-22 23:53:24.583 INFO  org.apache.coyote.http11.Http11NioProtocol        :173  [32m                  [0;39m Initializing ProtocolHandler ["http-nio-8880"]
2021-07-22 23:53:24.583 INFO  org.apache.catalina.core.StandardService          :173  [32m                  [0;39m Starting service [Tomcat]
2021-07-22 23:53:24.583 INFO  org.apache.catalina.core.StandardEngine           :173  [32m                  [0;39m Starting Servlet engine: [Apache Tomcat/9.0.39]
2021-07-22 23:53:24.594 INFO  o.a.c.core.ContainerBase.[Tomcat].[localhost].[/] :173  [32m                  [0;39m Initializing Spring embedded WebApplicationContext
2021-07-22 23:53:24.595 INFO  o.s.b.w.s.c.ServletWebServerApplicationContext    :289  [32m                  [0;39m Root WebApplicationContext: initialization completed in 273 ms
2021-07-22 23:53:24.900 INFO  o.s.scheduling.concurrent.ThreadPoolTaskExecutor  :181  [32m                  [0;39m Initializing ExecutorService 'applicationTaskExecutor'
2021-07-22 23:53:25.096 INFO  o.s.b.d.autoconfigure.OptionalLiveReloadServer    :58   [32m                  [0;39m LiveReload server is running on port 35729
2021-07-22 23:53:25.107 INFO  org.apache.coyote.http11.Http11NioProtocol        :173  [32m                  [0;39m Starting ProtocolHandler ["http-nio-8880"]
2021-07-22 23:53:25.109 INFO  o.s.boot.web.embedded.tomcat.TomcatWebServer      :220  [32m                  [0;39m Tomcat started on port(s): 8880 (http) with context path ''
2021-07-22 23:53:25.113 INFO  com.zunduo.wiki.config.WikiApplication            :61   [32m                  [0;39m Started WikiApplication in 0.855 seconds (JVM running for 56487.79)
2021-07-22 23:53:25.115 INFO  o.s.b.d.a.ConditionEvaluationDeltaLoggingListener :63   [32m                  [0;39m Condition evaluation unchanged
2021-07-22 23:53:25.115 INFO  com.zunduo.wiki.config.WikiApplication            :22   [32m                  [0;39m Start Success!! Port on:
2021-07-22 23:53:25.115 INFO  com.zunduo.wiki.config.WikiApplication            :23   [32m                  [0;39m Address: 	http://127.0.0.1:8880 
2021-07-22 23:53:26.573 INFO  o.s.scheduling.concurrent.ThreadPoolTaskExecutor  :218  [32m                  [0;39m Shutting down ExecutorService 'applicationTaskExecutor'
2021-07-22 23:53:26.642 INFO  com.zunduo.wiki.config.WikiApplication            :55   [32m                  [0;39m Starting WikiApplication using Java 16.0.1 on ZunduodeMBP.lan with PID 36098 (/Users/zunduo/Downloads/wiki/target/classes started by zunduo in /Users/zunduo/Downloads/wiki)
2021-07-22 23:53:26.643 INFO  com.zunduo.wiki.config.WikiApplication            :660  [32m                  [0;39m No active profile set, falling back to default profiles: default
2021-07-22 23:53:26.797 INFO  o.s.boot.web.embedded.tomcat.TomcatWebServer      :108  [32m                  [0;39m Tomcat initialized with port(s): 8880 (http)
2021-07-22 23:53:26.797 INFO  org.apache.coyote.http11.Http11NioProtocol        :173  [32m                  [0;39m Initializing ProtocolHandler ["http-nio-8880"]
2021-07-22 23:53:26.797 INFO  org.apache.catalina.core.StandardService          :173  [32m                  [0;39m Starting service [Tomcat]
2021-07-22 23:53:26.797 INFO  org.apache.catalina.core.StandardEngine           :173  [32m                  [0;39m Starting Servlet engine: [Apache Tomcat/9.0.39]
2021-07-22 23:53:26.804 INFO  o.a.c.core.ContainerBase.[Tomcat].[localhost].[/] :173  [32m                  [0;39m Initializing Spring embedded WebApplicationContext
2021-07-22 23:53:26.804 INFO  o.s.b.w.s.c.ServletWebServerApplicationContext    :289  [32m                  [0;39m Root WebApplicationContext: initialization completed in 159 ms
2021-07-22 23:53:26.936 INFO  o.s.scheduling.concurrent.ThreadPoolTaskExecutor  :181  [32m                  [0;39m Initializing ExecutorService 'applicationTaskExecutor'
2021-07-22 23:53:27.038 INFO  o.s.b.d.autoconfigure.OptionalLiveReloadServer    :58   [32m                  [0;39m LiveReload server is running on port 35729
2021-07-22 23:53:27.044 INFO  org.apache.coyote.http11.Http11NioProtocol        :173  [32m                  [0;39m Starting ProtocolHandler ["http-nio-8880"]
2021-07-22 23:53:27.045 INFO  o.s.boot.web.embedded.tomcat.TomcatWebServer      :220  [32m                  [0;39m Tomcat started on port(s): 8880 (http) with context path ''
2021-07-22 23:53:27.048 INFO  com.zunduo.wiki.config.WikiApplication            :61   [32m                  [0;39m Started WikiApplication in 0.425 seconds (JVM running for 56489.725)
2021-07-22 23:53:27.049 INFO  o.s.b.d.a.ConditionEvaluationDeltaLoggingListener :63   [32m                  [0;39m Condition evaluation unchanged
2021-07-22 23:53:27.049 INFO  com.zunduo.wiki.config.WikiApplication            :22   [32m                  [0;39m Start Success!! Port on:
2021-07-22 23:53:27.049 INFO  com.zunduo.wiki.config.WikiApplication            :23   [32m                  [0;39m Address: 	http://127.0.0.1:8880 
2021-07-22 23:54:29.018 INFO  o.s.scheduling.concurrent.ThreadPoolTaskExecutor  :218  [32m                  [0;39m Shutting down ExecutorService 'applicationTaskExecutor'
2021-07-22 23:54:29.086 INFO  com.zunduo.wiki.config.WikiApplication            :55   [32m                  [0;39m Starting WikiApplication using Java 16.0.1 on ZunduodeMBP.lan with PID 36098 (/Users/zunduo/Downloads/wiki/target/classes started by zunduo in /Users/zunduo/Downloads/wiki)
2021-07-22 23:54:29.086 INFO  com.zunduo.wiki.config.WikiApplication            :660  [32m                  [0;39m No active profile set, falling back to default profiles: default
2021-07-22 23:54:29.231 INFO  o.s.boot.web.embedded.tomcat.TomcatWebServer      :108  [32m                  [0;39m Tomcat initialized with port(s): 8880 (http)
2021-07-22 23:54:29.232 INFO  org.apache.coyote.http11.Http11NioProtocol        :173  [32m                  [0;39m Initializing ProtocolHandler ["http-nio-8880"]
2021-07-22 23:54:29.232 INFO  org.apache.catalina.core.StandardService          :173  [32m                  [0;39m Starting service [Tomcat]
2021-07-22 23:54:29.232 INFO  org.apache.catalina.core.StandardEngine           :173  [32m                  [0;39m Starting Servlet engine: [Apache Tomcat/9.0.39]
2021-07-22 23:54:29.239 INFO  o.a.c.core.ContainerBase.[Tomcat].[localhost].[/] :173  [32m                  [0;39m Initializing Spring embedded WebApplicationContext
2021-07-22 23:54:29.239 INFO  o.s.b.w.s.c.ServletWebServerApplicationContext    :289  [32m                  [0;39m Root WebApplicationContext: initialization completed in 150 ms
2021-07-22 23:54:29.305 WARN  o.s.b.w.s.c.AnnotationConfigServletWebServerApplicationContext:596  [32m                  [0;39m Exception encountered during context initialization - cancelling refresh attempt: org.springframework.beans.factory.BeanCreationException: Error creating bean with name 'ebookController' defined in file [/Users/zunduo/Downloads/wiki/target/classes/com/zunduo/wiki/controller/EbookController.class]: Post-processing of merged bean definition failed; nested exception is java.lang.IllegalStateException: Failed to introspect Class [com.zunduo.wiki.controller.EbookController] from ClassLoader [org.springframework.boot.devtools.restart.classloader.RestartClassLoader@3a5e5b82]
2021-07-22 23:54:29.305 INFO  org.apache.catalina.core.StandardService          :173  [32m                  [0;39m Stopping service [Tomcat]
2021-07-22 23:54:29.310 INFO  o.s.b.a.l.ConditionEvaluationReportLoggingListener:136  [32m                  [0;39m 

Error starting ApplicationContext. To display the conditions report re-run your application with 'debug' enabled.
2021-07-22 23:54:29.326 ERROR org.springframework.boot.SpringApplication        :856  [32m                  [0;39m Application run failed
org.springframework.beans.factory.BeanCreationException: Error creating bean with name 'ebookController' defined in file [/Users/zunduo/Downloads/wiki/target/classes/com/zunduo/wiki/controller/EbookController.class]: Post-processing of merged bean definition failed; nested exception is java.lang.IllegalStateException: Failed to introspect Class [com.zunduo.wiki.controller.EbookController] from ClassLoader [org.springframework.boot.devtools.restart.classloader.RestartClassLoader@3a5e5b82]
	at org.springframework.beans.factory.support.AbstractAutowireCapableBeanFactory.doCreateBean(AbstractAutowireCapableBeanFactory.java:586)
	at org.springframework.beans.factory.support.AbstractAutowireCapableBeanFactory.createBean(AbstractAutowireCapableBeanFactory.java:531)
	at org.springframework.beans.factory.support.AbstractBeanFactory.lambda$doGetBean$0(AbstractBeanFactory.java:335)
	at org.springframework.beans.factory.support.DefaultSingletonBeanRegistry.getSingleton(DefaultSingletonBeanRegistry.java:234)
	at org.springframework.beans.factory.support.AbstractBeanFactory.doGetBean(AbstractBeanFactory.java:333)
	at org.springframework.beans.factory.support.AbstractBeanFactory.getBean(AbstractBeanFactory.java:208)
	at org.springframework.beans.factory.support.DefaultListableBeanFactory.preInstantiateSingletons(DefaultListableBeanFactory.java:944)
	at org.springframework.context.support.AbstractApplicationContext.finishBeanFactoryInitialization(AbstractApplicationContext.java:925)
	at org.springframework.context.support.AbstractApplicationContext.refresh(AbstractApplicationContext.java:588)
	at org.springframework.boot.web.servlet.context.ServletWebServerApplicationContext.refresh(ServletWebServerApplicationContext.java:144)
	at org.springframework.boot.SpringApplication.refresh(SpringApplication.java:767)
	at org.springframework.boot.SpringApplication.refresh(SpringApplication.java:759)
	at org.springframework.boot.SpringApplication.refreshContext(SpringApplication.java:426)
	at org.springframework.boot.SpringApplication.run(SpringApplication.java:326)
	at com.zunduo.wiki.config.WikiApplication.main(WikiApplication.java:21)
	at java.base/jdk.internal.reflect.NativeMethodAccessorImpl.invoke0(Native Method)
	at java.base/jdk.internal.reflect.NativeMethodAccessorImpl.invoke(NativeMethodAccessorImpl.java:78)
	at java.base/jdk.internal.reflect.DelegatingMethodAccessorImpl.invoke(DelegatingMethodAccessorImpl.java:43)
	at java.base/java.lang.reflect.Method.invoke(Method.java:567)
	at org.springframework.boot.devtools.restart.RestartLauncher.run(RestartLauncher.java:49)
Caused by: java.lang.IllegalStateException: Failed to introspect Class [com.zunduo.wiki.controller.EbookController] from ClassLoader [org.springframework.boot.devtools.restart.classloader.RestartClassLoader@3a5e5b82]
	at org.springframework.util.ReflectionUtils.getDeclaredFields(ReflectionUtils.java:737)
	at org.springframework.util.ReflectionUtils.doWithLocalFields(ReflectionUtils.java:669)
	at org.springframework.context.annotation.CommonAnnotationBeanPostProcessor.buildResourceMetadata(CommonAnnotationBeanPostProcessor.java:366)
	at org.springframework.context.annotation.CommonAnnotationBeanPostProcessor.findResourceMetadata(CommonAnnotationBeanPostProcessor.java:347)
	at org.springframework.context.annotation.CommonAnnotationBeanPostProcessor.postProcessMergedBeanDefinition(CommonAnnotationBeanPostProcessor.java:295)
	at org.springframework.beans.factory.support.AbstractAutowireCapableBeanFactory.applyMergedBeanDefinitionPostProcessors(AbstractAutowireCapableBeanFactory.java:1100)
	at org.springframework.beans.factory.support.AbstractAutowireCapableBeanFactory.doCreateBean(AbstractAutowireCapableBeanFactory.java:583)
	... 19 common frames omitted
Caused by: java.lang.NoClassDefFoundError: com/zunduo/wiki/service/EbookService
	at java.base/java.lang.Class.getDeclaredFields0(Native Method)
	at java.base/java.lang.Class.privateGetDeclaredFields(Class.java:3229)
	at java.base/java.lang.Class.getDeclaredFields(Class.java:2335)
	at org.springframework.util.ReflectionUtils.getDeclaredFields(ReflectionUtils.java:732)
	... 25 common frames omitted
Caused by: java.lang.ClassNotFoundException: com.zunduo.wiki.service.EbookService
	at java.base/jdk.internal.loader.BuiltinClassLoader.loadClass(BuiltinClassLoader.java:636)
	at java.base/jdk.internal.loader.ClassLoaders$AppClassLoader.loadClass(ClassLoaders.java:182)
	at java.base/java.lang.ClassLoader.loadClass(ClassLoader.java:519)
	at java.base/java.lang.Class.forName0(Native Method)
	at java.base/java.lang.Class.forName(Class.java:466)
	at org.springframework.boot.devtools.restart.classloader.RestartClassLoader.loadClass(RestartClassLoader.java:144)
	at java.base/java.lang.ClassLoader.loadClass(ClassLoader.java:519)
	... 29 common frames omitted
2021-07-22 23:54:46.926 INFO  com.zunduo.wiki.config.WikiApplication            :55   [32m                  [0;39m Starting WikiApplication using Java 16.0.1 on ZunduodeMBP.lan with PID 36098 (/Users/zunduo/Downloads/wiki/target/classes started by zunduo in /Users/zunduo/Downloads/wiki)
2021-07-22 23:54:46.926 INFO  com.zunduo.wiki.config.WikiApplication            :660  [32m                  [0;39m No active profile set, falling back to default profiles: default
2021-07-22 23:54:47.063 INFO  o.s.boot.web.embedded.tomcat.TomcatWebServer      :108  [32m                  [0;39m Tomcat initialized with port(s): 8880 (http)
2021-07-22 23:54:47.063 INFO  org.apache.coyote.http11.Http11NioProtocol        :173  [32m                  [0;39m Initializing ProtocolHandler ["http-nio-8880"]
2021-07-22 23:54:47.064 INFO  org.apache.catalina.core.StandardService          :173  [32m                  [0;39m Starting service [Tomcat]
2021-07-22 23:54:47.064 INFO  org.apache.catalina.core.StandardEngine           :173  [32m                  [0;39m Starting Servlet engine: [Apache Tomcat/9.0.39]
2021-07-22 23:54:47.071 INFO  o.a.c.c.ContainerBase.[Tomcat-1].[localhost].[/]  :173  [32m                  [0;39m Initializing Spring embedded WebApplicationContext
2021-07-22 23:54:47.071 INFO  o.s.b.w.s.c.ServletWebServerApplicationContext    :289  [32m                  [0;39m Root WebApplicationContext: initialization completed in 143 ms
2021-07-22 23:54:47.184 INFO  o.s.scheduling.concurrent.ThreadPoolTaskExecutor  :181  [32m                  [0;39m Initializing ExecutorService 'applicationTaskExecutor'
2021-07-22 23:54:47.277 INFO  o.s.b.d.autoconfigure.OptionalLiveReloadServer    :58   [32m                  [0;39m LiveReload server is running on port 35729
2021-07-22 23:54:47.281 INFO  org.apache.coyote.http11.Http11NioProtocol        :173  [32m                  [0;39m Starting ProtocolHandler ["http-nio-8880"]
2021-07-22 23:54:47.283 INFO  o.s.boot.web.embedded.tomcat.TomcatWebServer      :220  [32m                  [0;39m Tomcat started on port(s): 8880 (http) with context path ''
2021-07-22 23:54:47.286 INFO  com.zunduo.wiki.config.WikiApplication            :61   [32m                  [0;39m Started WikiApplication in 0.384 seconds (JVM running for 56569.964)
2021-07-22 23:54:47.286 INFO  o.s.b.d.a.ConditionEvaluationDeltaLoggingListener :63   [32m                  [0;39m Condition evaluation unchanged
2021-07-22 23:54:47.287 INFO  com.zunduo.wiki.config.WikiApplication            :22   [32m                  [0;39m Start Success!! Port on:
2021-07-22 23:54:47.287 INFO  com.zunduo.wiki.config.WikiApplication            :23   [32m                  [0;39m Address: 	http://127.0.0.1:8880 
2021-07-22 23:55:22.388 INFO  o.s.scheduling.concurrent.ThreadPoolTaskExecutor  :218  [32m                  [0;39m Shutting down ExecutorService 'applicationTaskExecutor'
2021-07-22 23:55:25.256 INFO  com.zunduo.wiki.config.WikiApplication            :55   [32m                  [0;39m Starting WikiApplication using Java 16.0.1 on ZunduodeMBP.lan with PID 42134 (/Users/zunduo/Downloads/wiki/target/classes started by zunduo in /Users/zunduo/Downloads/wiki)
2021-07-22 23:55:25.258 INFO  com.zunduo.wiki.config.WikiApplication            :660  [32m                  [0;39m No active profile set, falling back to default profiles: default
2021-07-22 23:55:25.299 INFO  o.s.b.d.env.DevToolsPropertyDefaultsPostProcessor :255  [32m                  [0;39m Devtools property defaults active! Set 'spring.devtools.add-properties' to 'false' to disable
2021-07-22 23:55:25.300 INFO  o.s.b.d.env.DevToolsPropertyDefaultsPostProcessor :255  [32m                  [0;39m For additional web related logging consider setting the 'logging.level.web' property to 'DEBUG'
2021-07-22 23:55:26.129 INFO  o.s.boot.web.embedded.tomcat.TomcatWebServer      :108  [32m                  [0;39m Tomcat initialized with port(s): 8880 (http)
2021-07-22 23:55:26.136 INFO  org.apache.coyote.http11.Http11NioProtocol        :173  [32m                  [0;39m Initializing ProtocolHandler ["http-nio-8880"]
2021-07-22 23:55:26.137 INFO  org.apache.catalina.core.StandardService          :173  [32m                  [0;39m Starting service [Tomcat]
2021-07-22 23:55:26.137 INFO  org.apache.catalina.core.StandardEngine           :173  [32m                  [0;39m Starting Servlet engine: [Apache Tomcat/9.0.39]
2021-07-22 23:55:26.186 INFO  o.a.c.core.ContainerBase.[Tomcat].[localhost].[/] :173  [32m                  [0;39m Initializing Spring embedded WebApplicationContext
2021-07-22 23:55:26.186 INFO  o.s.b.w.s.c.ServletWebServerApplicationContext    :289  [32m                  [0;39m Root WebApplicationContext: initialization completed in 886 ms
2021-07-22 23:55:26.608 INFO  o.s.scheduling.concurrent.ThreadPoolTaskExecutor  :181  [32m                  [0;39m Initializing ExecutorService 'applicationTaskExecutor'
2021-07-22 23:55:26.860 INFO  o.s.b.d.autoconfigure.OptionalLiveReloadServer    :58   [32m                  [0;39m LiveReload server is running on port 35729
2021-07-22 23:55:26.875 INFO  org.apache.coyote.http11.Http11NioProtocol        :173  [32m                  [0;39m Starting ProtocolHandler ["http-nio-8880"]
2021-07-22 23:55:26.886 INFO  o.s.boot.web.embedded.tomcat.TomcatWebServer      :220  [32m                  [0;39m Tomcat started on port(s): 8880 (http) with context path ''
2021-07-22 23:55:26.895 INFO  com.zunduo.wiki.config.WikiApplication            :61   [32m                  [0;39m Started WikiApplication in 1.903 seconds (JVM running for 2.385)
2021-07-22 23:55:26.897 INFO  com.zunduo.wiki.config.WikiApplication            :22   [32m                  [0;39m Start Success!! Port on:
2021-07-22 23:55:26.898 INFO  com.zunduo.wiki.config.WikiApplication            :23   [32m                  [0;39m Address: 	http://127.0.0.1:8880 
2021-07-22 23:55:39.058 INFO  o.a.c.core.ContainerBase.[Tomcat].[localhost].[/] :173  [32m                  [0;39m Initializing Spring DispatcherServlet 'dispatcherServlet'
2021-07-22 23:55:39.059 INFO  org.springframework.web.servlet.DispatcherServlet :525  [32m                  [0;39m Initializing Servlet 'dispatcherServlet'
2021-07-22 23:55:39.059 INFO  org.springframework.web.servlet.DispatcherServlet :547  [32m                  [0;39m Completed initialization in 0 ms
2021-07-22 23:55:39.086 INFO  com.zunduo.wiki.aspect.LogAspect                  :46   [32m                  [0;39m ------------- å¼€å§‹ -------------
2021-07-22 23:55:39.087 INFO  com.zunduo.wiki.aspect.LogAspect                  :47   [32m                  [0;39m è¯·æ±‚åœ°å€: http://localhost:8880/ebook/list GET
2021-07-22 23:55:39.087 INFO  com.zunduo.wiki.aspect.LogAspect                  :48   [32m                  [0;39m ç±»åæ–¹æ³•: com.zunduo.wiki.controller.EbookController.list
2021-07-22 23:55:39.087 INFO  com.zunduo.wiki.aspect.LogAspect                  :49   [32m                  [0;39m è¿œç¨‹åœ°å€: 127.0.0.1
2021-07-22 23:55:39.126 INFO  com.zunduo.wiki.aspect.LogAspect                  :69   [32m                  [0;39m è¯·æ±‚å‚æ•°: [{"name":"Spring"}]
2021-07-22 23:55:39.162 INFO  com.zaxxer.hikari.HikariDataSource                :110  [32m                  [0;39m HikariPool-1 - Starting...
2021-07-22 23:55:39.402 INFO  com.zaxxer.hikari.HikariDataSource                :123  [32m                  [0;39m HikariPool-1 - Start completed.
2021-07-22 23:55:39.461 INFO  com.zunduo.wiki.aspect.LogAspect                  :81   [32m                  [0;39m è¿”å›žç»“æžœ: {"content":[{"description":"é›¶åŸºç¡€å…¥é—¨ Java å¼€å‘ï¼Œä¼ä¸šçº§åº”ç”¨å¼€å‘æœ€ä½³é¦–é€‰æ¡†æž¶","id":1,"name":"SpringBoot å…¥é—¨æ•™ç¨‹"}],"success":true}
2021-07-22 23:55:39.462 INFO  com.zunduo.wiki.aspect.LogAspect                  :82   [32m                  [0;39m ------------- ç»“æŸ è€—æ—¶ï¼š377 ms -------------
2021-07-22 23:55:58.565 INFO  com.zunduo.wiki.aspect.LogAspect                  :46   [32m                  [0;39m ------------- å¼€å§‹ -------------
2021-07-22 23:55:58.565 INFO  com.zunduo.wiki.aspect.LogAspect                  :47   [32m                  [0;39m è¯·æ±‚åœ°å€: http://localhost:8880/ebook/list GET
2021-07-22 23:55:58.565 INFO  com.zunduo.wiki.aspect.LogAspect                  :48   [32m                  [0;39m ç±»åæ–¹æ³•: com.zunduo.wiki.controller.EbookController.list
2021-07-22 23:55:58.565 INFO  com.zunduo.wiki.aspect.LogAspect                  :49   [32m                  [0;39m è¿œç¨‹åœ°å€: 127.0.0.1
2021-07-22 23:55:58.566 INFO  com.zunduo.wiki.aspect.LogAspect                  :69   [32m                  [0;39m è¯·æ±‚å‚æ•°: [{}]
2021-07-22 23:55:58.572 INFO  com.zunduo.wiki.aspect.LogAspect                  :81   [32m                  [0;39m è¿”å›žç»“æžœ: {"content":[{"description":"é›¶åŸºç¡€å…¥é—¨ Java å¼€å‘ï¼Œä¼ä¸šçº§åº”ç”¨å¼€å‘æœ€ä½³é¦–é€‰æ¡†æž¶","id":1,"name":"SpringBoot å…¥é—¨æ•™ç¨‹"},{"description":"é›¶åŸºç¡€å…¥é—¨ Vue å¼€å‘ï¼Œä¼ä¸šçº§åº”ç”¨å¼€å‘æœ€ä½³é¦–é€‰æ¡†æž¶","id":2,"name":"Vue å…¥é—¨æ•™ç¨‹"},{"description":"é›¶åŸºç¡€å…¥é—¨ Python å¼€å‘ï¼Œä¼ä¸šçº§åº”ç”¨å¼€å‘æœ€ä½³é¦–é€‰æ¡†æž¶","id":3,"name":"Python å…¥é—¨æ•™ç¨‹"}],"success":true}
2021-07-22 23:55:58.572 INFO  com.zunduo.wiki.aspect.LogAspect                  :82   [32m                  [0;39m ------------- ç»“æŸ è€—æ—¶ï¼š7 ms -------------
2021-07-22 23:57:18.210 INFO  o.s.scheduling.concurrent.ThreadPoolTaskExecutor  :218  [32m                  [0;39m Shutting down ExecutorService 'applicationTaskExecutor'
2021-07-22 23:57:18.211 INFO  com.zaxxer.hikari.HikariDataSource                :350  [32m                  [0;39m HikariPool-1 - Shutdown initiated...
2021-07-22 23:57:18.215 INFO  com.zaxxer.hikari.HikariDataSource                :352  [32m                  [0;39m HikariPool-1 - Shutdown completed.
2021-07-22 23:57:18.298 INFO  com.zunduo.wiki.config.WikiApplication            :55   [32m                  [0;39m Starting WikiApplication using Java 16.0.1 on ZunduodeMBP.lan with PID 42134 (/Users/zunduo/Downloads/wiki/target/classes started by zunduo in /Users/zunduo/Downloads/wiki)
2021-07-22 23:57:18.298 INFO  com.zunduo.wiki.config.WikiApplication            :660  [32m                  [0;39m No active profile set, falling back to default profiles: default
2021-07-22 23:57:18.489 INFO  o.s.boot.web.embedded.tomcat.TomcatWebServer      :108  [32m                  [0;39m Tomcat initialized with port(s): 8880 (http)
2021-07-22 23:57:18.490 INFO  org.apache.coyote.http11.Http11NioProtocol        :173  [32m                  [0;39m Initializing ProtocolHandler ["http-nio-8880"]
2021-07-22 23:57:18.490 INFO  org.apache.catalina.core.StandardService          :173  [32m                  [0;39m Starting service [Tomcat]
2021-07-22 23:57:18.491 INFO  org.apache.catalina.core.StandardEngine           :173  [32m                  [0;39m Starting Servlet engine: [Apache Tomcat/9.0.39]
2021-07-22 23:57:18.498 INFO  o.a.c.core.ContainerBase.[Tomcat].[localhost].[/] :173  [32m                  [0;39m Initializing Spring embedded WebApplicationContext
2021-07-22 23:57:18.499 INFO  o.s.b.w.s.c.ServletWebServerApplicationContext    :289  [32m                  [0;39m Root WebApplicationContext: initialization completed in 199 ms
2021-07-22 23:57:18.663 INFO  o.s.scheduling.concurrent.ThreadPoolTaskExecutor  :181  [32m                  [0;39m Initializing ExecutorService 'applicationTaskExecutor'
2021-07-22 23:57:18.795 INFO  o.s.b.d.autoconfigure.OptionalLiveReloadServer    :58   [32m                  [0;39m LiveReload server is running on port 35729
2021-07-22 23:57:18.802 INFO  org.apache.coyote.http11.Http11NioProtocol        :173  [32m                  [0;39m Starting ProtocolHandler ["http-nio-8880"]
2021-07-22 23:57:18.803 INFO  o.s.boot.web.embedded.tomcat.TomcatWebServer      :220  [32m                  [0;39m Tomcat started on port(s): 8880 (http) with context path ''
2021-07-22 23:57:18.807 INFO  com.zunduo.wiki.config.WikiApplication            :61   [32m                  [0;39m Started WikiApplication in 0.542 seconds (JVM running for 114.298)
2021-07-22 23:57:18.808 INFO  o.s.b.d.a.ConditionEvaluationDeltaLoggingListener :63   [32m                  [0;39m Condition evaluation unchanged
2021-07-22 23:57:18.808 INFO  com.zunduo.wiki.config.WikiApplication            :22   [32m                  [0;39m Start Success!! Port on:
2021-07-22 23:57:18.809 INFO  com.zunduo.wiki.config.WikiApplication            :23   [32m                  [0;39m Address: 	http://127.0.0.1:8880 
2021-07-22 23:57:31.511 INFO  o.a.c.core.ContainerBase.[Tomcat].[localhost].[/] :173  [32m                  [0;39m Initializing Spring DispatcherServlet 'dispatcherServlet'
2021-07-22 23:57:31.511 INFO  org.springframework.web.servlet.DispatcherServlet :525  [32m                  [0;39m Initializing Servlet 'dispatcherServlet'
2021-07-22 23:57:31.512 INFO  org.springframework.web.servlet.DispatcherServlet :547  [32m                  [0;39m Completed initialization in 1 ms
2021-07-22 23:57:31.513 INFO  com.zunduo.wiki.aspect.LogAspect                  :46   [32m                  [0;39m ------------- å¼€å§‹ -------------
2021-07-22 23:57:31.514 INFO  com.zunduo.wiki.aspect.LogAspect                  :47   [32m                  [0;39m è¯·æ±‚åœ°å€: http://localhost:8880/ebook/list GET
2021-07-22 23:57:31.514 INFO  com.zunduo.wiki.aspect.LogAspect                  :48   [32m                  [0;39m ç±»åæ–¹æ³•: com.zunduo.wiki.controller.EbookController.list
2021-07-22 23:57:31.514 INFO  com.zunduo.wiki.aspect.LogAspect                  :49   [32m                  [0;39m è¿œç¨‹åœ°å€: 127.0.0.1
2021-07-22 23:57:31.515 INFO  com.zunduo.wiki.aspect.LogAspect                  :69   [32m                  [0;39m è¯·æ±‚å‚æ•°: [{}]
2021-07-22 23:57:31.521 INFO  com.zaxxer.hikari.HikariDataSource                :110  [32m                  [0;39m HikariPool-2 - Starting...
2021-07-22 23:57:31.537 INFO  com.zaxxer.hikari.HikariDataSource                :123  [32m                  [0;39m HikariPool-2 - Start completed.
2021-07-22 23:57:31.540 DEBUG c.z.wiki.mapper.EbookMapper.selectByExample_COUNT :137  [32m                  [0;39m ==>  Preparing: SELECT count(0) FROM ebook
2021-07-22 23:57:31.547 DEBUG c.z.wiki.mapper.EbookMapper.selectByExample_COUNT :137  [32m                  [0;39m ==> Parameters: 
2021-07-22 23:57:31.553 TRACE c.z.wiki.mapper.EbookMapper.selectByExample_COUNT :143  [32m                  [0;39m <==    Columns: count(0)
2021-07-22 23:57:31.554 TRACE c.z.wiki.mapper.EbookMapper.selectByExample_COUNT :143  [32m                  [0;39m <==        Row: 5
2021-07-22 23:57:31.554 DEBUG c.z.wiki.mapper.EbookMapper.selectByExample_COUNT :137  [32m                  [0;39m <==      Total: 1
2021-07-22 23:57:31.555 DEBUG com.zunduo.wiki.mapper.EbookMapper.selectByExample:137  [32m                  [0;39m ==>  Preparing: select id, `name`, category1_id, category2_id, description, cover, doc_count, view_count, vote_count from ebook LIMIT ?
2021-07-22 23:57:31.555 DEBUG com.zunduo.wiki.mapper.EbookMapper.selectByExample:137  [32m                  [0;39m ==> Parameters: 3(Integer)
2021-07-22 23:57:31.556 TRACE com.zunduo.wiki.mapper.EbookMapper.selectByExample:143  [32m                  [0;39m <==    Columns: id, name, category1_id, category2_id, description, cover, doc_count, view_count, vote_count
2021-07-22 23:57:31.556 TRACE com.zunduo.wiki.mapper.EbookMapper.selectByExample:143  [32m                  [0;39m <==        Row: 1, SpringBoot å…¥é—¨æ•™ç¨‹, null, null, é›¶åŸºç¡€å…¥é—¨ Java å¼€å‘ï¼Œä¼ä¸šçº§åº”ç”¨å¼€å‘æœ€ä½³é¦–é€‰æ¡†æž¶, null, null, null, null
2021-07-22 23:57:31.557 TRACE com.zunduo.wiki.mapper.EbookMapper.selectByExample:143  [32m                  [0;39m <==        Row: 2, Vue å…¥é—¨æ•™ç¨‹, null, null, é›¶åŸºç¡€å…¥é—¨ Vue å¼€å‘ï¼Œä¼ä¸šçº§åº”ç”¨å¼€å‘æœ€ä½³é¦–é€‰æ¡†æž¶, null, null, null, null
2021-07-22 23:57:31.557 TRACE com.zunduo.wiki.mapper.EbookMapper.selectByExample:143  [32m                  [0;39m <==        Row: 3, Python å…¥é—¨æ•™ç¨‹, null, null, é›¶åŸºç¡€å…¥é—¨ Python å¼€å‘ï¼Œä¼ä¸šçº§åº”ç”¨å¼€å‘æœ€ä½³é¦–é€‰æ¡†æž¶, null, null, null, null
2021-07-22 23:57:31.558 DEBUG com.zunduo.wiki.mapper.EbookMapper.selectByExample:137  [32m                  [0;39m <==      Total: 3
2021-07-22 23:57:31.564 INFO  com.zunduo.wiki.aspect.LogAspect                  :81   [32m                  [0;39m è¿”å›žç»“æžœ: {"content":[{"description":"é›¶åŸºç¡€å…¥é—¨ Java å¼€å‘ï¼Œä¼ä¸šçº§åº”ç”¨å¼€å‘æœ€ä½³é¦–é€‰æ¡†æž¶","id":1,"name":"SpringBoot å…¥é—¨æ•™ç¨‹"},{"description":"é›¶åŸºç¡€å…¥é—¨ Vue å¼€å‘ï¼Œä¼ä¸šçº§åº”ç”¨å¼€å‘æœ€ä½³é¦–é€‰æ¡†æž¶","id":2,"name":"Vue å…¥é—¨æ•™ç¨‹"},{"description":"é›¶åŸºç¡€å…¥é—¨ Python å¼€å‘ï¼Œä¼ä¸šçº§åº”ç”¨å¼€å‘æœ€ä½³é¦–é€‰æ¡†æž¶","id":3,"name":"Python å…¥é—¨æ•™ç¨‹"}],"success":true}
2021-07-22 23:57:31.564 INFO  com.zunduo.wiki.aspect.LogAspect                  :82   [32m                  [0;39m ------------- ç»“æŸ è€—æ—¶ï¼š51 ms -------------
